This is pdfTeX, Version 3.14159265-2.6-1.40.18 (MiKTeX 2.9.6350 64-bit) (preloaded format=pdflatex 2017.10.6)  13 DEC 2018 07:46
entering extended mode
**./animation.tex
(animation.tex
LaTeX2e <2017-04-15>
Babel <3.10> and hyphenation patterns for 75 language(s) loaded.
("C:\Program Files\MiKTeX 2.9\tex\latex\base\article.cls"
Document Class: article 2014/09/29 v1.4h Standard LaTeX document class
("C:\Program Files\MiKTeX 2.9\tex\latex\base\size10.clo"
File: size10.clo 2014/09/29 v1.4h Standard LaTeX file (size option)
)
\c@part=\count79
\c@section=\count80
\c@subsection=\count81
\c@subsubsection=\count82
\c@paragraph=\count83
\c@subparagraph=\count84
\c@figure=\count85
\c@table=\count86
\abovecaptionskip=\skip41
\belowcaptionskip=\skip42
\bibindent=\dimen102
) (animate.sty
Package: animate 2010/09/28 PDF animations from files and inline graphics

("C:\Program Files\MiKTeX 2.9\tex\latex\graphics\keyval.sty"
Package: keyval 2014/10/28 v1.15 key=value parser (DPC)
\KV@toks@=\toks14
)
("C:\Program Files\MiKTeX 2.9\tex\latex\base\ifthen.sty"
Package: ifthen 2014/09/29 v1.1c Standard LaTeX ifthen package (DPC)
)
("C:\Program Files\MiKTeX 2.9\tex\generic\oberdiek\ifpdf.sty"
Package: ifpdf 2017/03/15 v3.2 Provides the ifpdf switch
)
("C:\Program Files\MiKTeX 2.9\tex\latex\oberdiek\ifdraft.sty"
Package: ifdraft 2016/05/16 v1.4 Detect class options draft and final (HO)
)
("C:\Program Files\MiKTeX 2.9\tex\latex\tools\calc.sty"
Package: calc 2014/10/28 v4.3 Infix arithmetic (KKT,FJ)
\calc@Acount=\count87
\calc@Bcount=\count88
\calc@Adimen=\dimen103
\calc@Bdimen=\dimen104
\calc@Askip=\skip43
\calc@Bskip=\skip44
LaTeX Info: Redefining \setlength on input line 80.
LaTeX Info: Redefining \addtolength on input line 81.
\calc@Ccount=\count89
\calc@Cskip=\skip45
) (animfp.sty
Package: animfp 2009/07/23 fixed point addition for animate.sty
\afp@xs=\count90
\afp@xia=\count91
\afp@xib=\count92
\afp@xfa=\count93
\afp@xfb=\count94
\afp@rega=\count95
\afp@regb=\count96
\afp@regs=\count97
)
(C:\Users\deva4998\AppData\Roaming\MiKTeX\2.9\tex\context\base\supp-pdf.mkii
[Loading MPS to PDF converter (version 2006.09.02).]
\scratchcounter=\count98
\scratchdimen=\dimen105
\scratchbox=\box26
\nofMPsegments=\count99
\nofMParguments=\count100
\everyMPshowfont=\toks15
\MPscratchCnt=\count101
\MPscratchDim=\dimen106
\MPnumerator=\count102
\makeMPintoPDFobject=\count103
\everyMPtoPDFconversion=\toks16
)
\@anim@@fields=\count104
\@anim@@ocgs=\count105
\@anim@@posterocgs=\count106
\@anim@box=\box27
\@anim@tmpdima=\dimen107
\@anim@tmpdimb=\dimen108
\@anim@num=\count107
\@anim@curframe=\count108
\@anim@curframe@zb=\count109
\@anim@resize=\count110
\@anim@skipfram=\count111
\@anim@mulframecnt=\count112
\@anim@@tmlnfile=\read1
\@anim@tmpcnt=\count113
\c@@anim@tmpcnt=\count114
\@anim@curlayer=\count115
\@anim@lineno=\count116
\@anim@begin=\toks17
\@anim@end=\toks18
) (animation.aux)
\openout1 = `animation.aux'.

LaTeX Font Info:    Checking defaults for OML/cmm/m/it on input line 3.
LaTeX Font Info:    ... okay on input line 3.
LaTeX Font Info:    Checking defaults for T1/cmr/m/n on input line 3.
LaTeX Font Info:    ... okay on input line 3.
LaTeX Font Info:    Checking defaults for OT1/cmr/m/n on input line 3.
LaTeX Font Info:    ... okay on input line 3.
LaTeX Font Info:    Checking defaults for OMS/cmsy/m/n on input line 3.
LaTeX Font Info:    ... okay on input line 3.
LaTeX Font Info:    Checking defaults for OMX/cmex/m/n on input line 3.
LaTeX Font Info:    ... okay on input line 3.
LaTeX Font Info:    Checking defaults for U/cmr/m/n on input line 3.
LaTeX Font Info:    ... okay on input line 3.
 <./Rplot1.png> <./Rplot2.png> <./Rplot3.png> <./Rplot4.png> <./Rplot5.png> <./
Rplot6.png> <./Rplot7.png> <./Rplot8.png> <./Rplot9.png> <./Rplot10.png> <./Rpl
ot11.png> <./Rplot12.png> <./Rplot13.png> <./Rplot14.png> <./Rplot15.png> <./Rp
lot16.png> <./Rplot17.png> <./Rplot18.png> <./Rplot19.png> <./Rplot20.png> [1{C
:/ProgramData/MiKTeX/2.9/pdftex/config/pdftex.map}]
(animation.aux) ) 
Here is how much of TeX's memory you used:
 1379 strings out of 493323
 18740 string characters out of 3139057
 83179 words of memory out of 3000000
 4907 multiletter control sequences out of 15000+200000
 3640 words of font info for 14 fonts, out of 3000000 for 9000
 1141 hyphenation exceptions out of 8191
 23i,4n,23p,191b,222s stack positions out of 5000i,500n,10000p,200000b,50000s
<C:/Program Files/MiKTeX 2.9/fonts/type1/public/amsfonts/cm/cm
r10.pfb>
Output written on animation.pdf (1 page, 479915 bytes).
PDF statistics:
 301 PDF objects out of 1000 (max. 8388607)
 0 named destinations out of 1000 (max. 500000)
 665 words of extra memory for PDF output out of 10000 (max. 10000000)

